<?xml version="1.0" encoding="UTF-8"?>
<testsuite xmlns:xsi="http://www.w3.org/2001/XMLSchema-instance" xsi:noNamespaceSchemaLocation="https://maven.apache.org/surefire/maven-surefire-plugin/xsd/surefire-test-report-3.0.xsd" version="3.0" name="org.agoncal.fascicle.quarkus.number.NumberResourceTest" time="15.712" tests="3" errors="0" skipped="0" failures="0">
  <properties>
[...]
</properties>
  <testcase name="shouldPingSwaggerUI" classname="org.agoncal.fascicle.quarkus.number.NumberResourceTest" time="4.89">
    <system-out><![CDATA[2021-11-27 00:50:21,720 INFO  [io.qua.arc.pro.BeanProcessor] (build-11) Found unrecommended usage of private members (use package-private instead) in application beans:
	- @Inject field org.agoncal.fascicle.quarkus.number.controller.NumberResource#seperator
2021-11-27 00:50:24,472 INFO  [io.quarkus] (main) Quarkus 1.9.0.Final on JVM started in 7.598s. Listening on: http://0.0.0.0:8081
2021-11-27 00:50:24,477 INFO  [io.quarkus] (main) Profile test activated. 
2021-11-27 00:50:24,478 INFO  [io.quarkus] (main) Installed features: [cdi, resteasy, resteasy-jsonb, smallrye-openapi, swagger-ui]
]]></system-out>
  </testcase>
  <testcase name="shouldPingOpenApi" classname="org.agoncal.fascicle.quarkus.number.NumberResourceTest" time="0.69"/>
  <testcase name="shouldGenerateBookNumber" classname="org.agoncal.fascicle.quarkus.number.NumberResourceTest" time="1.354">
    <system-out><![CDATA[2021-11-27 00:50:30,233 INFO  [org.ago.fas.qua.num.con.NumberResource] (executor-thread-1) Generating book numbers
]]></system-out>
  </testcase>
</testsuite>